# JRE version: OpenJDK Runtime Environment Temurin-18.0.1+10 (18.0.1+10) (build 18.0.1+10)
# Java VM: OpenJDK 64-Bit Server VM Temurin-18.0.1+10 (18.0.1+10, mixed mode, emulated-client, tiered, compressed oops, compressed class ptrs, g1 gc, windows-amd64)
GC Precious Log:
 CardTable entry size: 512
 Card Set container configuration: InlinePtr #cards 4 size 8 Array Of Cards #cards 16 size 48 Howl #buckets 8 coarsen threshold 3686 Howl Bitmap #cards 512 size 80 coarsen threshold 460 Card regions per heap region 1 cards per card region 4096
 CPUs: 12 total, 12 available
 Memory: 16315M
 Large Page Support: Disabled
 NUMA Support: Disabled
 Compressed Oops: Enabled (Zero based)
 Heap Region Size: 2M
 Heap Min Capacity: 8M
 Heap Initial Capacity: 256M
 Heap Max Capacity: 4080M
 Pre-touch: Disabled
 Parallel Workers: 10
 Concurrent Workers: 3
 Concurrent Refinement Workers: 10
 Periodic GC: Disabled
Heap:
 garbage-first heap   total 102400K, used 56807K [0x0000000701000000, 0x0000000800000000)
  region size 2048K, 16 young (32768K), 3 survivors (6144K)
 Metaspace       used 74488K, committed 75456K, reserved 1179648K
  class space    used 9600K, committed 10048K, reserved 1048576K
GC Heap History (20 events):
Event: 3.747 GC heap after
{Heap after GC invocations=15 (full 0):
 garbage-first heap   total 204800K, used 30852K [0x0000000701000000, 0x0000000800000000)
  region size 2048K, 4 young (8192K), 4 survivors (8192K)
 Metaspace       used 59768K, committed 60288K, reserved 1114112K
  class space    used 7682K, committed 7936K, reserved 1048576K
}
Event: 4.144 GC heap before
{Heap before GC invocations=16 (full 0):
 garbage-first heap   total 122880K, used 96388K [0x0000000701000000, 0x0000000800000000)
  region size 2048K, 36 young (73728K), 4 survivors (8192K)
 Metaspace       used 64564K, committed 65152K, reserved 1114112K
  class space    used 8410K, committed 8704K, reserved 1048576K
}
Event: 4.148 GC heap after
{Heap after GC invocations=17 (full 0):
 garbage-first heap   total 122880K, used 32908K [0x0000000701000000, 0x0000000800000000)
  region size 2048K, 4 young (8192K), 4 survivors (8192K)
 Metaspace       used 64564K, committed 65152K, reserved 1114112K
  class space    used 8410K, committed 8704K, reserved 1048576K
}
Event: 4.159 GC heap before
{Heap before GC invocations=17 (full 0):
 garbage-first heap   total 122880K, used 34956K [0x0000000701000000, 0x0000000800000000)
  region size 2048K, 5 young (10240K), 4 survivors (8192K)
 Metaspace       used 64718K, committed 65280K, reserved 1114112K
  class space    used 8438K, committed 8704K, reserved 1048576K
}
Event: 4.162 GC heap after
{Heap after GC invocations=18 (full 0):
 garbage-first heap   total 122880K, used 33584K [0x0000000701000000, 0x0000000800000000)
  region size 2048K, 1 young (2048K), 1 survivors (2048K)
 Metaspace       used 64718K, committed 65280K, reserved 1114112K
  class space    used 8438K, committed 8704K, reserved 1048576K
}
Event: 11.487 GC heap before
{Heap before GC invocations=18 (full 0):
 garbage-first heap   total 122880K, used 92976K [0x0000000701000000, 0x0000000800000000)
  region size 2048K, 31 young (63488K), 1 survivors (2048K)
 Metaspace       used 69583K, committed 70208K, reserved 1114112K
  class space    used 9066K, committed 9344K, reserved 1048576K
}
Event: 11.490 GC heap after
{Heap after GC invocations=19 (full 0):
 garbage-first heap   total 122880K, used 35842K [0x0000000701000000, 0x0000000800000000)
  region size 2048K, 2 young (4096K), 2 survivors (4096K)
 Metaspace       used 69583K, committed 70208K, reserved 1114112K
  class space    used 9066K, committed 9344K, reserved 1048576K
}
Event: 55.330 GC heap before
{Heap before GC invocations=19 (full 0):
 garbage-first heap   total 122880K, used 64514K [0x0000000701000000, 0x0000000800000000)
  region size 2048K, 17 young (34816K), 2 survivors (4096K)
 Metaspace       used 74323K, committed 74944K, reserved 1114112K
  class space    used 9643K, committed 9920K, reserved 1048576K
}
Event: 55.357 GC heap after
{Heap after GC invocations=20 (full 1):
 garbage-first heap   total 116736K, used 28450K [0x0000000701000000, 0x0000000800000000)
  region size 2048K, 0 young (0K), 0 survivors (0K)
 Metaspace       used 74323K, committed 74944K, reserved 1114112K
  class space    used 9643K, committed 9920K, reserved 1048576K
}
Event: 55.882 GC heap before
{Heap before GC invocations=20 (full 1):
 garbage-first heap   total 116736K, used 85794K [0x0000000701000000, 0x0000000800000000)
  region size 2048K, 28 young (57344K), 0 survivors (0K)
 Metaspace       used 74477K, committed 75136K, reserved 1114112K
  class space    used 9657K, committed 9984K, reserved 1048576K
}
Event: 55.885 GC heap after
{Heap after GC invocations=21 (full 1):
 garbage-first heap   total 116736K, used 32654K [0x0000000701000000, 0x0000000800000000)
  region size 2048K, 3 young (6144K), 3 survivors (6144K)
 Metaspace       used 74477K, committed 75136K, reserved 1114112K
  class space    used 9657K, committed 9984K, reserved 1048576K
}
Event: 115.858 GC heap before
{Heap before GC invocations=21 (full 1):
 garbage-first heap   total 116736K, used 49038K [0x0000000701000000, 0x0000000800000000)
  region size 2048K, 12 young (24576K), 3 survivors (6144K)
 Metaspace       used 74512K, committed 75200K, reserved 1179648K
  class space    used 9660K, committed 9984K, reserved 1048576K
}
Event: 115.884 GC heap after
{Heap after GC invocations=22 (full 2):
 garbage-first heap   total 110592K, used 28417K [0x0000000701000000, 0x0000000800000000)
  region size 2048K, 0 young (0K), 0 survivors (0K)
 Metaspace       used 74509K, committed 75200K, reserved 1179648K
  class space    used 9660K, committed 9984K, reserved 1048576K
}
Event: 116.396 GC heap before
{Heap before GC invocations=22 (full 2):
 garbage-first heap   total 110592K, used 79617K [0x0000000701000000, 0x0000000800000000)
  region size 2048K, 26 young (53248K), 0 survivors (0K)
 Metaspace       used 74663K, committed 75328K, reserved 1179648K
  class space    used 9677K, committed 9984K, reserved 1048576K
}
Event: 116.398 GC heap after
{Heap after GC invocations=23 (full 2):
 garbage-first heap   total 110592K, used 32642K [0x0000000701000000, 0x0000000800000000)
  region size 2048K, 3 young (6144K), 3 survivors (6144K)
 Metaspace       used 74663K, committed 75328K, reserved 1179648K
  class space    used 9677K, committed 9984K, reserved 1048576K
}
Event: 129.153 GC heap before
{Heap before GC invocations=23 (full 2):
 garbage-first heap   total 110592K, used 53122K [0x0000000701000000, 0x0000000800000000)
  region size 2048K, 14 young (28672K), 3 survivors (6144K)
 Metaspace       used 74722K, committed 75456K, reserved 1179648K
  class space    used 9681K, committed 10048K, reserved 1048576K
}
Event: 129.181 GC heap after
{Heap after GC invocations=24 (full 3):
 garbage-first heap   total 102400K, used 27406K [0x0000000701000000, 0x0000000800000000)
  region size 2048K, 0 young (0K), 0 survivors (0K)
 Metaspace       used 74298K, committed 75456K, reserved 1179648K
  class space    used 9584K, committed 10048K, reserved 1048576K
}
Event: 130.122 GC heap before
{Heap before GC invocations=24 (full 3):
 garbage-first heap   total 102400K, used 74510K [0x0000000701000000, 0x0000000800000000)
  region size 2048K, 24 young (49152K), 0 survivors (0K)
 Metaspace       used 74360K, committed 75456K, reserved 1179648K
  class space    used 9591K, committed 10048K, reserved 1048576K
}
Event: 130.124 GC heap after
{Heap after GC invocations=25 (full 3):
 garbage-first heap   total 102400K, used 31837K [0x0000000701000000, 0x0000000800000000)
  region size 2048K, 3 young (6144K), 3 survivors (6144K)
 Metaspace       used 74360K, committed 75456K, reserved 1179648K
  class space    used 9591K, committed 10048K, reserved 1048576K
}
Event: 151.022 GC heap before
{Heap before GC invocations=25 (full 3):
 garbage-first heap   total 102400K, used 56413K [0x0000000701000000, 0x0000000800000000)
  region size 2048K, 16 young (32768K), 3 survivors (6144K)
 Metaspace       used 74488K, committed 75456K, reserved 1179648K
  class space    used 9600K, committed 10048K, reserved 1048576K
}

