# JRE version: OpenJDK Runtime Environment Temurin-18.0.1+10 (18.0.1+10) (build 18.0.1+10)
# Java VM: OpenJDK 64-Bit Server VM Temurin-18.0.1+10 (18.0.1+10, mixed mode, emulated-client, tiered, compressed oops, compressed class ptrs, g1 gc, windows-amd64)
GC Precious Log:
 CardTable entry size: 512
 Card Set container configuration: InlinePtr #cards 4 size 8 Array Of Cards #cards 16 size 48 Howl #buckets 8 coarsen threshold 3686 Howl Bitmap #cards 512 size 80 coarsen threshold 460 Card regions per heap region 1 cards per card region 4096
 CPUs: 12 total, 12 available
 Memory: 16315M
 Large Page Support: Disabled
 NUMA Support: Disabled
 Compressed Oops: Enabled (Zero based)
 Heap Region Size: 2M
 Heap Min Capacity: 8M
 Heap Initial Capacity: 256M
 Heap Max Capacity: 4080M
 Pre-touch: Disabled
 Parallel Workers: 10
 Concurrent Workers: 3
 Concurrent Refinement Workers: 10
 Periodic GC: Disabled
Heap:
 garbage-first heap   total 96256K, used 46332K [0x0000000701000000, 0x0000000800000000)
  region size 2048K, 9 young (18432K), 3 survivors (6144K)
 Metaspace       used 75228K, committed 75904K, reserved 1179648K
  class space    used 9708K, committed 10048K, reserved 1048576K
GC Heap History (20 events):
Event: 58.260 GC heap after
{Heap after GC invocations=19 (full 1):
 garbage-first heap   total 96256K, used 26080K [0x0000000701000000, 0x0000000800000000)
  region size 2048K, 0 young (0K), 0 survivors (0K)
 Metaspace       used 68782K, committed 69440K, reserved 1114112K
  class space    used 8988K, committed 9344K, reserved 1048576K
}
Event: 58.704 GC heap before
{Heap before GC invocations=19 (full 1):
 garbage-first heap   total 96256K, used 73184K [0x0000000701000000, 0x0000000800000000)
  region size 2048K, 23 young (47104K), 0 survivors (0K)
 Metaspace       used 68857K, committed 69504K, reserved 1114112K
  class space    used 8999K, committed 9344K, reserved 1048576K
}
Event: 58.706 GC heap after
{Heap after GC invocations=20 (full 1):
 garbage-first heap   total 96256K, used 30285K [0x0000000701000000, 0x0000000800000000)
  region size 2048K, 3 young (6144K), 3 survivors (6144K)
 Metaspace       used 68857K, committed 69504K, reserved 1114112K
  class space    used 8999K, committed 9344K, reserved 1048576K
}
Event: 116.406 GC heap before
{Heap before GC invocations=20 (full 1):
 garbage-first heap   total 96256K, used 69197K [0x0000000701000000, 0x0000000800000000)
  region size 2048K, 23 young (47104K), 3 survivors (6144K)
 Metaspace       used 70824K, committed 71552K, reserved 1114112K
  class space    used 9238K, committed 9600K, reserved 1048576K
}
Event: 116.409 GC heap after
{Heap after GC invocations=21 (full 1):
 garbage-first heap   total 96256K, used 31525K [0x0000000701000000, 0x0000000800000000)
  region size 2048K, 2 young (4096K), 2 survivors (4096K)
 Metaspace       used 70824K, committed 71552K, reserved 1114112K
  class space    used 9238K, committed 9600K, reserved 1048576K
}
Event: 148.865 GC heap before
{Heap before GC invocations=21 (full 1):
 garbage-first heap   total 96256K, used 56101K [0x0000000701000000, 0x0000000800000000)
  region size 2048K, 16 young (32768K), 2 survivors (4096K)
 Metaspace       used 74985K, committed 75648K, reserved 1179648K
  class space    used 9740K, committed 10048K, reserved 1048576K
}
Event: 148.893 GC heap after
{Heap after GC invocations=22 (full 2):
 garbage-first heap   total 96256K, used 27971K [0x0000000701000000, 0x0000000800000000)
  region size 2048K, 0 young (0K), 0 survivors (0K)
 Metaspace       used 74616K, committed 75648K, reserved 1179648K
  class space    used 9655K, committed 10048K, reserved 1048576K
}
Event: 149.451 GC heap before
{Heap before GC invocations=22 (full 2):
 garbage-first heap   total 96256K, used 70979K [0x0000000701000000, 0x0000000800000000)
  region size 2048K, 22 young (45056K), 0 survivors (0K)
 Metaspace       used 74657K, committed 75648K, reserved 1179648K
  class space    used 9665K, committed 10048K, reserved 1048576K
}
Event: 149.452 GC heap after
{Heap after GC invocations=23 (full 2):
 garbage-first heap   total 96256K, used 31949K [0x0000000701000000, 0x0000000800000000)
  region size 2048K, 2 young (4096K), 2 survivors (4096K)
 Metaspace       used 74657K, committed 75648K, reserved 1179648K
  class space    used 9665K, committed 10048K, reserved 1048576K
}
Event: 361.111 GC heap before
{Heap before GC invocations=23 (full 2):
 garbage-first heap   total 96256K, used 68813K [0x0000000701000000, 0x0000000800000000)
  region size 2048K, 21 young (43008K), 2 survivors (4096K)
 Metaspace       used 74868K, committed 75712K, reserved 1179648K
  class space    used 9685K, committed 10048K, reserved 1048576K
}
Event: 361.135 GC heap after
{Heap after GC invocations=24 (full 3):
 garbage-first heap   total 96256K, used 28494K [0x0000000701000000, 0x0000000800000000)
  region size 2048K, 0 young (0K), 0 survivors (0K)
 Metaspace       used 74834K, committed 75712K, reserved 1179648K
  class space    used 9677K, committed 10048K, reserved 1048576K
}
Event: 361.543 GC heap before
{Heap before GC invocations=24 (full 3):
 garbage-first heap   total 96256K, used 69454K [0x0000000701000000, 0x0000000800000000)
  region size 2048K, 21 young (43008K), 0 survivors (0K)
 Metaspace       used 74864K, committed 75712K, reserved 1179648K
  class space    used 9682K, committed 10048K, reserved 1048576K
}
Event: 361.545 GC heap after
{Heap after GC invocations=25 (full 3):
 garbage-first heap   total 96256K, used 32194K [0x0000000701000000, 0x0000000800000000)
  region size 2048K, 2 young (4096K), 2 survivors (4096K)
 Metaspace       used 74864K, committed 75712K, reserved 1179648K
  class space    used 9682K, committed 10048K, reserved 1048576K
}
Event: 568.294 GC heap before
{Heap before GC invocations=25 (full 3):
 garbage-first heap   total 96256K, used 64962K [0x0000000701000000, 0x0000000800000000)
  region size 2048K, 19 young (38912K), 2 survivors (4096K)
 Metaspace       used 75023K, committed 75776K, reserved 1179648K
  class space    used 9693K, committed 10048K, reserved 1048576K
}
Event: 568.329 GC heap after
{Heap after GC invocations=26 (full 4):
 garbage-first heap   total 96256K, used 29796K [0x0000000701000000, 0x0000000800000000)
  region size 2048K, 0 young (0K), 0 survivors (0K)
 Metaspace       used 74968K, committed 75776K, reserved 1179648K
  class space    used 9681K, committed 10048K, reserved 1048576K
}
Event: 568.690 GC heap before
{Heap before GC invocations=26 (full 4):
 garbage-first heap   total 96256K, used 68708K [0x0000000701000000, 0x0000000800000000)
  region size 2048K, 20 young (40960K), 0 survivors (0K)
 Metaspace       used 74998K, committed 75776K, reserved 1179648K
  class space    used 9686K, committed 10048K, reserved 1048576K
}
Event: 568.692 GC heap after
{Heap after GC invocations=27 (full 4):
 garbage-first heap   total 96256K, used 33077K [0x0000000701000000, 0x0000000800000000)
  region size 2048K, 2 young (4096K), 2 survivors (4096K)
 Metaspace       used 74998K, committed 75776K, reserved 1179648K
  class space    used 9686K, committed 10048K, reserved 1048576K
}
Event: 790.547 GC heap before
{Heap before GC invocations=27 (full 4):
 garbage-first heap   total 96256K, used 71989K [0x0000000701000000, 0x0000000800000000)
  region size 2048K, 21 young (43008K), 2 survivors (4096K)
 Metaspace       used 75222K, committed 75904K, reserved 1179648K
  class space    used 9707K, committed 10048K, reserved 1048576K
}
Event: 790.549 GC heap after
{Heap after GC invocations=28 (full 4):
 garbage-first heap   total 96256K, used 35016K [0x0000000701000000, 0x0000000800000000)
  region size 2048K, 3 young (6144K), 3 survivors (6144K)
 Metaspace       used 75222K, committed 75904K, reserved 1179648K
  class space    used 9707K, committed 10048K, reserved 1048576K
}
Event: 1279.935 GC heap before
{Heap before GC invocations=28 (full 4):
 garbage-first heap   total 96256K, used 45256K [0x0000000701000000, 0x0000000800000000)
  region size 2048K, 9 young (18432K), 3 survivors (6144K)
 Metaspace       used 75228K, committed 75904K, reserved 1179648K
  class space    used 9708K, committed 10048K, reserved 1048576K
}

